LionTech Mission Space Lab
- Systems checked at:         2024-Apr-28 07h05m09s
- Data collection started at: 2024-Apr-28 07h05m09s
- Collecting data .................................
-  Processing image:           1
-  Processing image:           2
-  Processing image:           3
-  Processing image:           4
-  Processing image:           5
-  Processing image:           6
-  Processing image:           7
-  Processing image:           8
-  Processing image:           9
-  Processing image:           10
-  Processing image:           11
-  Processing image:           12
-  Processing image:           13
-  Processing image:           14
-  Processing image:           15
-  Processing image:           16
-  Processing image:           17
-  Processing image:           18
-  Processing image:           19
-  Processing image:           20
-  Processing image:           21
-  Processing image:           22
-  Processing image:           23
-  Processing image:           24
-  Processing image:           25
-  Processing image:           26
-  Processing image:           27
-  Processing image:           28
-  Processing image:           29
-  Processing image:           30
-  Processing image:           31
-  Processing image:           32
-  Processing image:           33
-  Processing image:           34
-  Processing image:           35
-  Processing image:           36
-  Processing image:           37
-  Processing image:           38
-  Processing image:           39
-  Processing image:           40
-  Processing image:           41
-  Processing image:           42
-  Processing image:           43
-  Processing image:           44
-  Processing image:           45
-  Processing image:           46
-  Processing image:           47
-  Processing image:           48
-  Processing image:           49
-  Processing image:           50
-  Processing image:           51
-  Processing image:           52
-  Processing image:           53
-  Processing image:           54
-  Processing image:           55
-  Processing image:           56
-  Processing image:           57
-  Processing image:           58
-  Processing image:           59
-  Processing image:           60
-  Processing image:           61
-  Processing image:           62
-  Processing image:           63
-  Processing image:           64
-  Processing image:           65
-  Processing image:           66
-  Processing image:           67
-  Processing image:           68
-  Processing image:           69
-  Processing image:           70
-  Processing image:           71
-  Processing image:           72
-  Processing image:           73
-  Processing image:           74
-  Processing image:           75
-  Processing image:           76
-  Processing image:           77
-  Processing image:           78
-  Processing image:           79
-  Processing image:           80
-  Processing image:           81
-  Processing image:           82
-  Processing image:           83
-  Processing image:           84
-  Processing image:           85
-  Processing image:           86
-  Processing image:           87
-  Processing image:           88
-  Processing image:           89
-  Processing image:           90
-  Processing image:           91
-  Processing image:           92
-  Processing image:           93
-  Processing image:           94
-  Processing image:           95
-  Processing image:           96
-  Processing image:           97
-  Processing image:           98
-  Processing image:           99
-  Processing image:           100
-  Processing image:           101
-  Processing image:           102
-  Processing image:           103
-  Processing image:           104
-  Processing image:           105
-  Processing image:           106
-  Processing image:           107
-  Processing image:           108
-  Processing image:           109
-  Processing image:           110
-  Processing image:           111
-  Processing image:           112
-  Processing image:           113
-  Processing image:           114
-  Processing image:           115
-  Processing image:           116
-  Processing image:           117

  Data written to result.txt
- Mission ended at:           2024-Apr-28 07h13m09s
- Total runtime:              0:08:00.013887
- Average speed for ISS:     0.0
Mission accomplished - Team LionTech
